C51 COMPILER V9.60.0.0   GLOBAL_VARS                                                       12/04/2022 14:57:06 PAGE 1   


C51 COMPILER V9.60.0.0, COMPILATION OF MODULE GLOBAL_VARS
OBJECT MODULE PLACED IN .\Objects\global_vars.obj
COMPILER INVOKED BY: C:\Keil_v5\C51\BIN\C51.EXE global_vars.c OPTIMIZE(8,SPEED) BROWSE DEBUG OBJECTEXTEND PRINT(.\Listin
                    -gs\global_vars.lst) TABS(2) OBJECT(.\Objects\global_vars.obj)

line level    source

   1          #include "headfile.h"
   2          
   3          uint seconds = 0;      // 本周期经过的秒数
   4          uint milliseconds = 0; // 毫秒数,为1000时令seconds++
   5          uint cycle = 180;      // 红绿灯运行一轮的周期


MODULE INFORMATION:   STATIC OVERLAYABLE
   CODE SIZE        =   ----    ----
   CONSTANT SIZE    =   ----    ----
   XDATA SIZE       =   ----    ----
   PDATA SIZE       =   ----    ----
   DATA SIZE        =      6    ----
   IDATA SIZE       =   ----    ----
   BIT SIZE         =   ----    ----
END OF MODULE INFORMATION.


C51 COMPILATION COMPLETE.  0 WARNING(S),  0 ERROR(S)
