C51 COMPILER V9.60.0.0   MAIN                                                              12/14/2022 15:03:41 PAGE 1   


C51 COMPILER V9.60.0.0, COMPILATION OF MODULE MAIN
OBJECT MODULE PLACED IN .\Objects\main.obj
COMPILER INVOKED BY: C:\Keil_v5\C51\BIN\C51.EXE main.c OPTIMIZE(8,SPEED) BROWSE DEBUG OBJECTEXTEND PRINT(.\Listings\main
                    -.lst) TABS(2) OBJECT(.\Objects\main.obj)

line level    source

   1          #include "headfile.h"
   2          
   3          void InterruptKey() interrupt 0
   4          {
   5   1        EA = 0;
   6   1        if (mode < FUNC_MAX)
   7   1        {
   8   2          mode++;
   9   2        }
  10   1        else
  11   1        {
  12   2          mode = RUNNING;
  13   2        }
  14   1        EA = 1;
  15   1      }
  16          
  17          void InterruptTimer0() interrupt 1
  18          {
  19   1        EA = 0;
  20   1        UpdateTimer0();
  21   1        EA = 1;
  22   1      }
  23          
  24          // 主程序
  25          void main()
  26          {
  27   1        Timer0Init();
  28   1        TrafficLightInit();
  29   1        EA = 1;
  30   1        ET0 = 1;
  31   1        EX0 = 1; // 外部中断
  32   1        Init7219();
  33   1      
  34   1        DelayMS(500);
  35   1        while (1)
  36   1        {
  37   2          if (mode == RUNNING)
  38   2          {
  39   3            TrafficLight();
  40   3          }
  41   2          if (mode == SETTING)
  42   2          {
  43   3            Setting();
  44   3          }
  45   2          if (mode == DEBUGGING)
  46   2          {
  47   3            TrafficLight();
  48   3          }
  49   2        }
  50   1      }


MODULE INFORMATION:   STATIC OVERLAYABLE
   CODE SIZE        =    143    ----
C51 COMPILER V9.60.0.0   MAIN                                                              12/14/2022 15:03:41 PAGE 2   

   CONSTANT SIZE    =   ----    ----
   XDATA SIZE       =   ----    ----
   PDATA SIZE       =   ----    ----
   DATA SIZE        =   ----    ----
   IDATA SIZE       =   ----    ----
   BIT SIZE         =   ----    ----
END OF MODULE INFORMATION.


C51 COMPILATION COMPLETE.  0 WARNING(S),  0 ERROR(S)
