C51 COMPILER V9.60.0.0   TIMER                                                             12/14/2022 22:25:42 PAGE 1   


C51 COMPILER V9.60.0.0, COMPILATION OF MODULE TIMER
OBJECT MODULE PLACED IN .\Objects\timer.obj
COMPILER INVOKED BY: C:\Keil_v5\C51\BIN\C51.EXE timer.c OPTIMIZE(8,SPEED) BROWSE DEBUG OBJECTEXTEND PRINT(.\Listings\tim
                    -er.lst) TABS(2) OBJECT(.\Objects\timer.obj)

line level    source

   1          #include "headfile.h"
   2          
   3          void Timer0Init(void) // 1毫秒@12.000MHz
   4          {
   5   1          TMOD &= 0xF0; // 设置定时器模式
   6   1          TL0 = 0x20;   // 设置定时初始值
   7   1          TH0 = 0xD1;   // 设置定时初始值
   8   1          TF0 = 0;      // 清除TF0标志
   9   1          TR0 = 1;      // 定时器0开始计时
  10   1      }
  11          
  12          void UpdateTimer0()
  13          {
  14   1          // 定时器中断服务程序
  15   1          // 重置初值
  16   1          TL0 = 0x20; // 设置定时初始值
  17   1          TH0 = 0xD1; // 设置定时初始值
  18   1          milliseconds++;
  19   1          if (milliseconds > 300)
  20   1          {
  21   2              seconds++;
  22   2              new_second_flag = 1;
  23   2              new_second_flag_setting = 1;
  24   2              new_second_flag_emergency = 1;
  25   2              milliseconds = 0;
  26   2              if (seconds > cycle)
  27   2              {
  28   3                  seconds = 0;
  29   3              }
  30   2          }
  31   1      }


MODULE INFORMATION:   STATIC OVERLAYABLE
   CODE SIZE        =     73    ----
   CONSTANT SIZE    =   ----    ----
   XDATA SIZE       =   ----    ----
   PDATA SIZE       =   ----    ----
   DATA SIZE        =   ----    ----
   IDATA SIZE       =   ----    ----
   BIT SIZE         =   ----    ----
END OF MODULE INFORMATION.


C51 COMPILATION COMPLETE.  0 WARNING(S),  0 ERROR(S)
